Дата вызова функции: 13.02.2024
Время вызова функции: 02:30:27.671044
Имя функции: gen_fake_headers
Аргументы функции: () and {}
результат выполнения функции: {'Accept': '*/*', 'Connection': 'keep-alive', 'User-Agent': 'Mozilla/5.0 (Windows NT 10.0; WOW64) AppleWebKit/537.36 (KHTML, like Gecko) Chrome/66.0.3359.181 Safari/537.36'}
Дата вызова функции: 13.02.2024
Время вызова функции: 02:30:28.583022
Имя функции: gen_fake_headers
Аргументы функции: () and {}
результат выполнения функции: {'Accept': '*/*', 'Connection': 'keep-alive', 'User-Agent': 'Mozilla/5.0 (Windows NT 10.0; Win64; x64) AppleWebKit/537.36 (KHTML, like Gecko) Chrome/61.0.3163.100 Safari/537.36'}
Дата вызова функции: 13.02.2024
Время вызова функции: 02:30:29.413038
Имя функции: gen_fake_headers
Аргументы функции: () and {}
результат выполнения функции: {'Accept': '*/*', 'Connection': 'keep-alive', 'User-Agent': 'Mozilla/5.0 (Windows NT 6.0; Win64; x64) AppleWebKit/537.36 (KHTML, like Gecko) Chrome/61.0.3163.100 Safari/537.36'}
Дата вызова функции: 13.02.2024
Время вызова функции: 02:30:30.430036
Имя функции: gen_fake_headers
Аргументы функции: () and {}
результат выполнения функции: {'Accept': '*/*', 'Connection': 'keep-alive', 'User-Agent': 'Mozilla/5.0 (Windows NT 6.2) AppleWebKit/537.36 (KHTML, like Gecko) Chrome/68.0.3440.1805 Safari/537.36'}
