Дата вызова функции: 13.02.2024
Время вызова функции: 01:49:46.110245
Имя функции: hello_world
Аргументы функции: () and {}
результат выполнения функции: Hello World
Дата вызова функции: 13.02.2024
Время вызова функции: 01:49:46.110245
Имя функции: summarize
Аргументы функции: (2, 2) and {}
результат выполнения функции: 4
Дата вызова функции: 13.02.2024
Время вызова функции: 01:49:46.111244
Имя функции: div
Аргументы функции: (6, 2) and {}
результат выполнения функции: 3.0
Дата вызова функции: 13.02.2024
Время вызова функции: 01:49:46.111244
Имя функции: summarize
Аргументы функции: (4.3,) and {'b': 2.2}
результат выполнения функции: 6.5
Дата вызова функции: 13.02.2024
Время вызова функции: 01:49:46.111244
Имя функции: summarize
Аргументы функции: () and {'a': 0, 'b': 0}
результат выполнения функции: 0
